Info: Starting: Create HDL design files for synthesis
Info: qsys-generate C:\Users\yg585\Desktop\video_sram_master_sram_vga_18_1\video_sram_master_sram_vga\verilog\Computer_System.qsys --synthesis=VERILOG --output-directory=C:\Users\yg585\Desktop\video_sram_master_sram_vga_18_1\video_sram_master_sram_vga\verilog\Computer_System\synthesis --family="Cyclone V" --part=5CSEMA5F31C6
Progress: Loading verilog/Computer_System.qsys
Progress: Reading input file
Progress: Adding ARM_A9_HPS [altera_hps 18.1]
Progress: Parameterizing module ARM_A9_HPS
Progress: Adding AV_Config [altera_up_avalon_audio_and_video_config 18.0]
Progress: Parameterizing module AV_Config
Progress: Adding Onchip_SRAM [altera_avalon_onchip_memory2 18.1]
Progress: Parameterizing module Onchip_SRAM
Progress: Adding Pixel_DMA_Addr_Translation [altera_up_avalon_video_dma_ctrl_addr_trans 18.0]
Progress: Parameterizing module Pixel_DMA_Addr_Translation
Progress: Adding SDRAM [altera_avalon_new_sdram_controller 18.1]
Progress: Parameterizing module SDRAM
Progress: Adding System_PLL [altera_up_avalon_sys_sdram_pll 18.0]
Progress: Parameterizing module System_PLL
Progress: Adding VGA_Subsystem [VGA_Subsystem 1.0]
Progress: Reading input file
Progress: Adding Sys_Clk [clock_source 18.1]
Progress: Parameterizing module Sys_Clk
Progress: Adding VGA_Alpha_Blender [altera_up_avalon_video_alpha_blender 18.0]
Progress: Parameterizing module VGA_Alpha_Blender
Progress: Adding VGA_Char_Buffer [altera_up_avalon_video_character_buffer_with_dma 18.0]
Progress: Parameterizing module VGA_Char_Buffer
Progress: Adding VGA_Controller [altera_up_avalon_video_vga_controller 18.0]
Progress: Parameterizing module VGA_Controller
Progress: Adding VGA_Dual_Clock_FIFO [altera_up_avalon_video_dual_clock_buffer 18.0]
Progress: Parameterizing module VGA_Dual_Clock_FIFO
Progress: Adding VGA_PLL [altera_up_avalon_video_pll 18.0]
Progress: Parameterizing module VGA_PLL
Progress: Adding VGA_Pixel_DMA [altera_up_avalon_video_pixel_buffer_dma 18.0]
Progress: Parameterizing module VGA_Pixel_DMA
Progress: Adding VGA_Pixel_FIFO [altera_up_avalon_video_dual_clock_buffer 18.0]
Progress: Parameterizing module VGA_Pixel_FIFO
Progress: Adding VGA_Pixel_RGB_Resampler [altera_up_avalon_video_rgb_resampler 18.0]
Progress: Parameterizing module VGA_Pixel_RGB_Resampler
Progress: Building connections
Progress: Parameterizing connections
Progress: Validating
Progress: Done reading input file
Progress: Parameterizing module VGA_Subsystem
Progress: Adding clock_bridge_0 [altera_clock_bridge 18.1]
Progress: Parameterizing module clock_bridge_0
Progress: Adding onchip_vga_buffer [altera_avalon_onchip_memory2 18.1]
Progress: Parameterizing module onchip_vga_buffer
Progress: Building connections
Progress: Parameterizing connections
Progress: Validating
Progress: Done reading input file
Info: Computer_System.ARM_A9_HPS: HPS Main PLL counter settings: n = 0  m = 73
Info: Computer_System.ARM_A9_HPS: HPS peripherial PLL counter settings: n = 0  m = 39
Warning: Computer_System.ARM_A9_HPS: "Configuration/HPS-to-FPGA user 0 clock frequency" (desired_cfg_clk_mhz) requested 100.0 MHz, but only achieved 97.368421 MHz
Warning: Computer_System.ARM_A9_HPS: "QSPI clock frequency" (desired_qspi_clk_mhz) requested 400.0 MHz, but only achieved 370.0 MHz
Warning: Computer_System.ARM_A9_HPS: 1 or more output clock frequencies cannot be achieved precisely, consider revising desired output clock frequencies.
Info: Computer_System.System_PLL: Refclk Freq: 50.0
Warning: Computer_System.: You have exported the interface Onchip_SRAM.s1 but not its associated reset interface.  Export the driver(s) of Onchip_SRAM.reset1
Info: Computer_System: Generating Computer_System "Computer_System" for QUARTUS_SYNTH
Info: Interconnect is inserted between master ARM_A9_HPS.h2f_axi_master and slave Onchip_SRAM.s2 because the master is of type axi and the slave is of type avalon.
Warning: ARM_A9_HPS.f2h_irq0: Cannot connect clock for irq_mapper.sender
Warning: ARM_A9_HPS.f2h_irq0: Cannot connect reset for irq_mapper.sender
Warning: ARM_A9_HPS.f2h_irq1: Cannot connect clock for irq_mapper_001.sender
Warning: ARM_A9_HPS.f2h_irq1: Cannot connect reset for irq_mapper_001.sender
Info: ARM_A9_HPS: "Running  for module: ARM_A9_HPS"
Info: ARM_A9_HPS: HPS Main PLL counter settings: n = 0  m = 73
Info: ARM_A9_HPS: HPS peripherial PLL counter settings: n = 0  m = 39
Warning: ARM_A9_HPS: "Configuration/HPS-to-FPGA user 0 clock frequency" (desired_cfg_clk_mhz) requested 100.0 MHz, but only achieved 97.368421 MHz
Warning: ARM_A9_HPS: "QSPI clock frequency" (desired_qspi_clk_mhz) requested 400.0 MHz, but only achieved 370.0 MHz
Warning: ARM_A9_HPS: 1 or more output clock frequencies cannot be achieved precisely, consider revising desired output clock frequencies.
Info: ARM_A9_HPS: "Computer_System" instantiated altera_hps "ARM_A9_HPS"
Info: Onchip_SRAM: Starting RTL generation for module 'Computer_System_Onchip_SRAM'
Info: Onchip_SRAM:   Generation command is [exec C:/programs/intelfpga/18.1/quartus/bin64/perl/bin/perl.exe -I C:/programs/intelfpga/18.1/quartus/bin64/perl/lib -I C:/programs/intelfpga/18.1/quartus/sopc_builder/bin/europa -I C:/programs/intelfpga/18.1/quartus/sopc_builder/bin/perl_lib -I C:/programs/intelfpga/18.1/quartus/sopc_builder/bin -I C:/programs/intelfpga/18.1/quartus/../ip/altera/sopc_builder_ip/common -I C:/programs/intelfpga/18.1/quartus/../ip/altera/sopc_builder_ip/altera_avalon_onchip_memory2 -- C:/programs/intelfpga/18.1/quartus/../ip/altera/sopc_builder_ip/altera_avalon_onchip_memory2/generate_rtl.pl --name=Computer_System_Onchip_SRAM --dir=C:/Users/yg585/AppData/Local/Temp/alt9772_3276883232500175504.dir/0007_Onchip_SRAM_gen/ --quartus_dir=C:/programs/intelfpga/18.1/quartus --verilog --config=C:/Users/yg585/AppData/Local/Temp/alt9772_3276883232500175504.dir/0007_Onchip_SRAM_gen//Computer_System_Onchip_SRAM_component_configuration.pl  --do_build_sim=0  ]
Info: Onchip_SRAM: Done RTL generation for module 'Computer_System_Onchip_SRAM'
Info: Onchip_SRAM: "Computer_System" instantiated altera_avalon_onchip_memory2 "Onchip_SRAM"
Info: System_PLL: "Computer_System" instantiated altera_up_avalon_sys_sdram_pll "System_PLL"
Info: avalon_st_adapter: Inserting error_adapter: error_adapter_0
Info: mm_interconnect_0: "Computer_System" instantiated altera_mm_interconnect "mm_interconnect_0"
Info: irq_mapper: "Computer_System" instantiated altera_irq_mapper "irq_mapper"
Info: rst_controller: "Computer_System" instantiated altera_reset_controller "rst_controller"
Info: fpga_interfaces: "ARM_A9_HPS" instantiated altera_interface_generator "fpga_interfaces"
Info: hps_io: "ARM_A9_HPS" instantiated altera_hps_io "hps_io"
Info: sys_pll: "System_PLL" instantiated altera_pll "sys_pll"
Info: reset_from_locked: "System_PLL" instantiated altera_up_avalon_reset_from_locked_signal "reset_from_locked"
Info: Onchip_SRAM_s2_translator: "mm_interconnect_0" instantiated altera_merlin_slave_translator "Onchip_SRAM_s2_translator"
Info: ARM_A9_HPS_h2f_axi_master_agent: "mm_interconnect_0" instantiated altera_merlin_axi_master_ni "ARM_A9_HPS_h2f_axi_master_agent"
Info: Onchip_SRAM_s2_agent: "mm_interconnect_0" instantiated altera_merlin_slave_agent "Onchip_SRAM_s2_agent"
Info: Onchip_SRAM_s2_agent_rsp_fifo: "mm_interconnect_0" instantiated altera_avalon_sc_fifo "Onchip_SRAM_s2_agent_rsp_fifo"
Info: router: "mm_interconnect_0" instantiated altera_merlin_router "router"
Info: router_002: "mm_interconnect_0" instantiated altera_merlin_router "router_002"
Info: Onchip_SRAM_s2_burst_adapter: "mm_interconnect_0" instantiated altera_merlin_burst_adapter "Onchip_SRAM_s2_burst_adapter"
Info: Reusing file C:/Users/yg585/Desktop/video_sram_master_sram_vga_18_1/video_sram_master_sram_vga/verilog/Computer_System/synthesis/submodules/altera_merlin_address_alignment.sv
Info: cmd_demux: "mm_interconnect_0" instantiated altera_merlin_demultiplexer "cmd_demux"
Info: cmd_mux: "mm_interconnect_0" instantiated altera_merlin_multiplexer "cmd_mux"
Info: rsp_demux: "mm_interconnect_0" instantiated altera_merlin_demultiplexer "rsp_demux"
Info: rsp_mux: "mm_interconnect_0" instantiated altera_merlin_multiplexer "rsp_mux"
Info: Reusing file C:/Users/yg585/Desktop/video_sram_master_sram_vga_18_1/video_sram_master_sram_vga/verilog/Computer_System/synthesis/submodules/altera_merlin_arbitrator.sv
Info: Onchip_SRAM_s2_rsp_width_adapter: "mm_interconnect_0" instantiated altera_merlin_width_adapter "Onchip_SRAM_s2_rsp_width_adapter"
Info: Reusing file C:/Users/yg585/Desktop/video_sram_master_sram_vga_18_1/video_sram_master_sram_vga/verilog/Computer_System/synthesis/submodules/altera_merlin_address_alignment.sv
Info: Reusing file C:/Users/yg585/Desktop/video_sram_master_sram_vga_18_1/video_sram_master_sram_vga/verilog/Computer_System/synthesis/submodules/altera_merlin_burst_uncompressor.sv
Info: avalon_st_adapter: "mm_interconnect_0" instantiated altera_avalon_st_adapter "avalon_st_adapter"
Info: border: "hps_io" instantiated altera_interface_generator "border"
Info: error_adapter_0: "avalon_st_adapter" instantiated error_adapter "error_adapter_0"
Info: Computer_System: Done "Computer_System" with 26 modules, 83 files
Info: qsys-generate succeeded.
Info: Finished: Create HDL design files for synthesis
