EDA Netlist Writer report for DE1_SoC_Computer
Fri Mar 01 19:12:26 2024
Quartus Prime Version 18.1.0 Build 625 09/12/2018 SJ Lite Edition


---------------------
; Table of Contents ;
---------------------
  1. Legal Notice
  2. EDA Netlist Writer Summary
  3. EDA Netlist Writer Messages



----------------
; Legal Notice ;
----------------
Copyright (C) 2018  Intel Corporation. All rights reserved.
Your use of Intel Corporation's design tools, logic functions 
and other software and tools, and its AMPP partner logic 
functions, and any output files from any of the foregoing 
(including device programming or simulation files), and any 
associated documentation or information are expressly subject 
to the terms and conditions of the Intel Program License 
Subscription Agreement, the Intel Quartus Prime License Agreement,
the Intel FPGA IP License Agreement, or other applicable license
agreement, including, without limitation, that your use is for
the sole purpose of programming logic devices manufactured by
Intel and sold by Intel or its authorized distributors.  Please
refer to the applicable agreement for further details.



+----------------------------------------------------------------------------------+
; EDA Netlist Writer Summary                                                       ;
+---------------------------+------------------------------------------------------+
; EDA Netlist Writer Status ; No Output Files Generated - Fri Mar 01 19:12:26 2024 ;
; Revision Name             ; DE1_SoC_Computer                                     ;
; Top-level Entity Name     ; DE1_SoC_Computer                                     ;
; Family                    ; Cyclone V                                            ;
+---------------------------+------------------------------------------------------+


+-----------------------------+
; EDA Netlist Writer Messages ;
+-----------------------------+
Info: *******************************************************************
Info: Running Quartus Prime EDA Netlist Writer
    Info: Version 18.1.0 Build 625 09/12/2018 SJ Lite Edition
    Info: Processing started: Fri Mar 01 19:12:23 2024
Info: Command: quartus_eda --read_settings_files=off --write_settings_files=off DE1_SoC_Computer -c DE1_SoC_Computer
Warning (199027): Can't generate output files. Specify command-line options to generate output files, or update EDA tool settings using GUI or Tcl script.
Info: Quartus Prime EDA Netlist Writer was successful. 0 errors, 1 warning
    Info: Peak virtual memory: 4824 megabytes
    Info: Processing ended: Fri Mar 01 19:12:27 2024
    Info: Elapsed time: 00:00:04
    Info: Total CPU time (on all processors): 00:00:04


